<?xml version="1.0" encoding="UTF-8"?>
<testng-results ignored="0" total="4" passed="3" failed="1" skipped="0">
  <reporter-output>
  </reporter-output>
  <suite started-at="2021-02-06T03:33:04Z" name="Default Suite" finished-at="2021-02-06T03:33:19Z" duration-ms="14941">
    <groups>
    </groups>
    <test started-at="2021-02-06T03:33:04Z" name="supply-brain-automated-tests" finished-at="2021-02-06T03:33:19Z" duration-ms="14941">
      <class name="login.LoginTests">
        <test-method is-config="true" signature="setUp()[pri:0, instance:login.LoginTests@ef9296d]" started-at="2021-02-06T03:33:04Z" name="setUp" finished-at="2021-02-06T03:33:07Z" duration-ms="2953" status="PASS">
          <reporter-output>
          </reporter-output>
        </test-method> <!-- setUp -->
        <test-method is-config="true" signature="beforeMethod()[pri:0, instance:login.LoginTests@ef9296d]" started-at="2021-02-06T03:33:07Z" name="beforeMethod" finished-at="2021-02-06T03:33:08Z" duration-ms="1376" status="PASS">
          <reporter-output>
          </reporter-output>
        </test-method> <!-- beforeMethod -->
        <test-method signature="loginWithCorrectEmailAndCorrectPasswordAndCheckRememberMeShouldRememberUserAfterBrowserQuit()[pri:0, instance:login.LoginTests@ef9296d]" started-at="2021-02-06T03:33:08Z" name="loginWithCorrectEmailAndCorrectPasswordAndCheckRememberMeShouldRememberUserAfterBrowserQuit" finished-at="2021-02-06T03:33:15Z" duration-ms="6355" status="PASS">
          <reporter-output>
          </reporter-output>
        </test-method> <!-- loginWithCorrectEmailAndCorrectPasswordAndCheckRememberMeShouldRememberUserAfterBrowserQuit -->
        <test-method is-config="true" signature="beforeMethod()[pri:0, instance:login.LoginTests@ef9296d]" started-at="2021-02-06T03:33:15Z" name="beforeMethod" finished-at="2021-02-06T03:33:15Z" duration-ms="381" status="PASS">
          <reporter-output>
          </reporter-output>
        </test-method> <!-- beforeMethod -->
        <test-method signature="loginWithCorrectEmailAndPasswordShouldAuthenticateAndThenLogout()[pri:0, instance:login.LoginTests@ef9296d]" started-at="2021-02-06T03:33:15Z" name="loginWithCorrectEmailAndPasswordShouldAuthenticateAndThenLogout" finished-at="2021-02-06T03:33:16Z" duration-ms="1040" status="FAIL">
          <exception class="java.lang.AssertionError">
            <message>
              <![CDATA[Login failed expected [You are logged in!] but found [E-Mail Address
Password
Remember Me
Login Forgot Your Password?]]]>
            </message>
            <full-stacktrace>
              <![CDATA[java.lang.AssertionError: Login failed expected [You are logged in!] but found [E-Mail Address
Password
Remember Me
Login Forgot Your Password?]
at org.testng.Assert.fail(Assert.java:96)
at org.testng.Assert.failNotEquals(Assert.java:776)
at org.testng.Assert.assertEqualsImpl(Assert.java:137)
at org.testng.Assert.assertEquals(Assert.java:118)
at org.testng.Assert.assertEquals(Assert.java:453)
at login.LoginTests.loginWithCorrectEmailAndPasswordShouldAuthenticateAndThenLogout(LoginTests.java:41)
at java.base/jdk.internal.reflect.NativeMethodAccessorImpl.invoke0(Native Method)
at java.base/jdk.internal.reflect.NativeMethodAccessorImpl.invoke(NativeMethodAccessorImpl.java:62)
at java.base/jdk.internal.reflect.DelegatingMethodAccessorImpl.invoke(DelegatingMethodAccessorImpl.java:43)
at java.base/java.lang.reflect.Method.invoke(Method.java:566)
at org.testng.internal.MethodInvocationHelper.invokeMethod(MethodInvocationHelper.java:124)
at org.testng.internal.Invoker.invokeMethod(Invoker.java:583)
at org.testng.internal.Invoker.invokeTestMethod(Invoker.java:719)
at org.testng.internal.Invoker.invokeTestMethods(Invoker.java:989)
at org.testng.internal.TestMethodWorker.invokeTestMethods(TestMethodWorker.java:125)
at org.testng.internal.TestMethodWorker.run(TestMethodWorker.java:109)
at org.testng.TestRunner.privateRun(TestRunner.java:648)
at org.testng.TestRunner.run(TestRunner.java:505)
at org.testng.SuiteRunner.runTest(SuiteRunner.java:455)
at org.testng.SuiteRunner.runSequentially(SuiteRunner.java:450)
at org.testng.SuiteRunner.privateRun(SuiteRunner.java:415)
at org.testng.SuiteRunner.run(SuiteRunner.java:364)
at org.testng.SuiteRunnerWorker.runSuite(SuiteRunnerWorker.java:52)
at org.testng.SuiteRunnerWorker.run(SuiteRunnerWorker.java:84)
at org.testng.TestNG.runSuitesSequentially(TestNG.java:1208)
at org.testng.TestNG.runSuitesLocally(TestNG.java:1137)
at org.testng.TestNG.runSuites(TestNG.java:1049)
at org.testng.TestNG.run(TestNG.java:1017)
at com.intellij.rt.testng.IDEARemoteTestNG.run(IDEARemoteTestNG.java:66)
at com.intellij.rt.testng.RemoteTestNGStarter.main(RemoteTestNGStarter.java:109)
]]>
            </full-stacktrace>
          </exception> <!-- java.lang.AssertionError -->
          <reporter-output>
          </reporter-output>
        </test-method> <!-- loginWithCorrectEmailAndPasswordShouldAuthenticateAndThenLogout -->
        <test-method is-config="true" signature="beforeMethod()[pri:0, instance:login.LoginTests@ef9296d]" started-at="2021-02-06T03:33:16Z" name="beforeMethod" finished-at="2021-02-06T03:33:17Z" duration-ms="380" status="PASS">
          <reporter-output>
          </reporter-output>
        </test-method> <!-- beforeMethod -->
        <test-method signature="loginWithCorrectEmailButIncorrectPasswordShouldGiveAnErrorMessage()[pri:0, instance:login.LoginTests@ef9296d]" started-at="2021-02-06T03:33:17Z" name="loginWithCorrectEmailButIncorrectPasswordShouldGiveAnErrorMessage" finished-at="2021-02-06T03:33:18Z" duration-ms="928" status="PASS">
          <reporter-output>
          </reporter-output>
        </test-method> <!-- loginWithCorrectEmailButIncorrectPasswordShouldGiveAnErrorMessage -->
        <test-method is-config="true" signature="beforeMethod()[pri:0, instance:login.LoginTests@ef9296d]" started-at="2021-02-06T03:33:18Z" name="beforeMethod" finished-at="2021-02-06T03:33:18Z" duration-ms="419" status="PASS">
          <reporter-output>
          </reporter-output>
        </test-method> <!-- beforeMethod -->
        <test-method signature="loginWithIncorrectEmailButCorrectPasswordShouldGiveAnErrorMessage()[pri:0, instance:login.LoginTests@ef9296d]" started-at="2021-02-06T03:33:18Z" name="loginWithIncorrectEmailButCorrectPasswordShouldGiveAnErrorMessage" finished-at="2021-02-06T03:33:19Z" duration-ms="885" status="PASS">
          <reporter-output>
          </reporter-output>
        </test-method> <!-- loginWithIncorrectEmailButCorrectPasswordShouldGiveAnErrorMessage -->
        <test-method is-config="true" signature="tearDown()[pri:0, instance:login.LoginTests@ef9296d]" started-at="2021-02-06T03:33:19Z" name="tearDown" finished-at="2021-02-06T03:33:19Z" duration-ms="185" status="PASS">
          <reporter-output>
          </reporter-output>
        </test-method> <!-- tearDown -->
      </class> <!-- login.LoginTests -->
    </test> <!-- supply-brain-automated-tests -->
  </suite> <!-- Default Suite -->
</testng-results>
